This is pdfTeX, Version 3.141592653-2.6-1.40.25 (MiKTeX 24.1) (preloaded format=pdflatex 2025.11.26)  26 NOV 2025 00:26
entering extended mode
 restricted \write18 enabled.
 file:line:error style messages enabled.
 %&-line parsing enabled.
**c:/Users/godef/Documents/projets_python/resultats_elections/rapport_election.tex
(c:/Users/godef/Documents/projets_python/resultats_elections/rapport_election.tex
LaTeX2e <2023-11-01> patch level 1
L3 programming layer <2024-01-04>
(C:\Users\godef\AppData\Local\Programs\MiKTeX\tex/latex/base\article.cls
Document Class: article 2023/05/17 v1.4n Standard LaTeX document class
(C:\Users\godef\AppData\Local\Programs\MiKTeX\tex/latex/base\size10.clo
File: size10.clo 2023/05/17 v1.4n Standard LaTeX file (size option)
)
\c@part=\count187
\c@section=\count188
\c@subsection=\count189
\c@subsubsection=\count190
\c@paragraph=\count191
\c@subparagraph=\count192
\c@figure=\count193
\c@table=\count194
\abovecaptionskip=\skip48
\belowcaptionskip=\skip49
\bibindent=\dimen140
) (C:\Users\godef\AppData\Local\Programs\MiKTeX\tex/latex/base\fontenc.sty
Package: fontenc 2021/04/29 v2.0v Standard LaTeX package
) (C:\Users\godef\AppData\Local\Programs\MiKTeX\tex/latex/base\inputenc.sty
Package: inputenc 2021/02/14 v1.3d Input encoding file
\inpenc@prehook=\toks17
\inpenc@posthook=\toks18
) (C:\Users\godef\AppData\Local\Programs\MiKTeX\tex/latex/lm\lmodern.sty
Package: lmodern 2015/05/01 v1.6.1 Latin Modern Fonts
LaTeX Font Info:    Overwriting symbol font `operators' in version `normal'
(Font)                  OT1/cmr/m/n --> OT1/lmr/m/n on input line 22.
LaTeX Font Info:    Overwriting symbol font `letters' in version `normal'
(Font)                  OML/cmm/m/it --> OML/lmm/m/it on input line 23.
LaTeX Font Info:    Overwriting symbol font `symbols' in version `normal'
(Font)                  OMS/cmsy/m/n --> OMS/lmsy/m/n on input line 24.
LaTeX Font Info:    Overwriting symbol font `largesymbols' in version `normal'
(Font)                  OMX/cmex/m/n --> OMX/lmex/m/n on input line 25.
LaTeX Font Info:    Overwriting symbol font `operators' in version `bold'
(Font)                  OT1/cmr/bx/n --> OT1/lmr/bx/n on input line 26.
LaTeX Font Info:    Overwriting symbol font `letters' in version `bold'
(Font)                  OML/cmm/b/it --> OML/lmm/b/it on input line 27.
LaTeX Font Info:    Overwriting symbol font `symbols' in version `bold'
(Font)                  OMS/cmsy/b/n --> OMS/lmsy/b/n on input line 28.
LaTeX Font Info:    Overwriting symbol font `largesymbols' in version `bold'
(Font)                  OMX/cmex/m/n --> OMX/lmex/m/n on input line 29.
LaTeX Font Info:    Overwriting math alphabet `\mathbf' in version `normal'
(Font)                  OT1/cmr/bx/n --> OT1/lmr/bx/n on input line 31.
LaTeX Font Info:    Overwriting math alphabet `\mathsf' in version `normal'
(Font)                  OT1/cmss/m/n --> OT1/lmss/m/n on input line 32.
LaTeX Font Info:    Overwriting math alphabet `\mathit' in version `normal'
(Font)                  OT1/cmr/m/it --> OT1/lmr/m/it on input line 33.
LaTeX Font Info:    Overwriting math alphabet `\mathtt' in version `normal'
(Font)                  OT1/cmtt/m/n --> OT1/lmtt/m/n on input line 34.
LaTeX Font Info:    Overwriting math alphabet `\mathbf' in version `bold'
(Font)                  OT1/cmr/bx/n --> OT1/lmr/bx/n on input line 35.
LaTeX Font Info:    Overwriting math alphabet `\mathsf' in version `bold'
(Font)                  OT1/cmss/bx/n --> OT1/lmss/bx/n on input line 36.
LaTeX Font Info:    Overwriting math alphabet `\mathit' in version `bold'
(Font)                  OT1/cmr/bx/it --> OT1/lmr/bx/it on input line 37.
LaTeX Font Info:    Overwriting math alphabet `\mathtt' in version `bold'
(Font)                  OT1/cmtt/m/n --> OT1/lmtt/m/n on input line 38.
) (C:\Users\godef\AppData\Local\Programs\MiKTeX\tex/latex/base\textcomp.sty
Package: textcomp 2020/02/02 v2.0n Standard LaTeX package
) (C:\Users\godef\AppData\Local\Programs\MiKTeX\tex/latex/lastpage\lastpage.sty
Package: lastpage 2025/08/14 v2.1h lastpage: 2.09 or 2e? (HMM)
 (C:\Users\godef\AppData\Local\Programs\MiKTeX\tex/latex/lastpage\lastpage2e.sty
Package: lastpage2e 2025/08/14 v2.1h Decide which 2e lastpage version to use (HMM)
 (C:\Users\godef\AppData\Local\Programs\MiKTeX\tex/latex/lastpage\lastpageclassic.sty
Package: lastpageclassic 2025/08/14 v2.1h Refers to last page's name (HMM; JPG)
) 
))
LaTeX Font Info:    Trying to load font information for T1+lmr on input line 11.
 (C:\Users\godef\AppData\Local\Programs\MiKTeX\tex/latex/lm\t1lmr.fd
File: t1lmr.fd 2015/05/01 v1.6.1 Font defs for Latin Modern
) (C:\Users\godef\AppData\Local\Programs\MiKTeX\tex/latex/l3backend\l3backend-pdftex.def
File: l3backend-pdftex.def 2024-01-04 L3 backend support: PDF output (pdfTeX)
\l__color_backend_stack_int=\count195
\l__pdf_internal_box=\box51
) (rapport_election.aux)
\openout1 = `rapport_election.aux'.

LaTeX Font Info:    Checking defaults for OML/cmm/m/it on input line 11.
LaTeX Font Info:    ... okay on input line 11.
LaTeX Font Info:    Checking defaults for OMS/cmsy/m/n on input line 11.
LaTeX Font Info:    ... okay on input line 11.
LaTeX Font Info:    Checking defaults for OT1/cmr/m/n on input line 11.
LaTeX Font Info:    ... okay on input line 11.
LaTeX Font Info:    Checking defaults for T1/cmr/m/n on input line 11.
LaTeX Font Info:    ... okay on input line 11.
LaTeX Font Info:    Checking defaults for TS1/cmr/m/n on input line 11.
LaTeX Font Info:    ... okay on input line 11.
LaTeX Font Info:    Checking defaults for OMX/cmex/m/n on input line 11.
LaTeX Font Info:    ... okay on input line 11.
LaTeX Font Info:    Checking defaults for U/cmr/m/n on input line 11.
LaTeX Font Info:    ... okay on input line 11.
LaTeX Font Info:    Trying to load font information for OT1+lmr on input line 13.
 (C:\Users\godef\AppData\Local\Programs\MiKTeX\tex/latex/lm\ot1lmr.fd
File: ot1lmr.fd 2015/05/01 v1.6.1 Font defs for Latin Modern
)
LaTeX Font Info:    Trying to load font information for OML+lmm on input line 13.
 (C:\Users\godef\AppData\Local\Programs\MiKTeX\tex/latex/lm\omllmm.fd
File: omllmm.fd 2015/05/01 v1.6.1 Font defs for Latin Modern
)
LaTeX Font Info:    Trying to load font information for OMS+lmsy on input line 13.
 (C:\Users\godef\AppData\Local\Programs\MiKTeX\tex/latex/lm\omslmsy.fd
File: omslmsy.fd 2015/05/01 v1.6.1 Font defs for Latin Modern
)
LaTeX Font Info:    Trying to load font information for OMX+lmex on input line 13.
 (C:\Users\godef\AppData\Local\Programs\MiKTeX\tex/latex/lm\omxlmex.fd
File: omxlmex.fd 2015/05/01 v1.6.1 Font defs for Latin Modern
)
LaTeX Font Info:    External font `lmex10' loaded for size
(Font)              <12> on input line 13.
LaTeX Font Info:    External font `lmex10' loaded for size
(Font)              <8> on input line 13.
LaTeX Font Info:    External font `lmex10' loaded for size
(Font)              <6> on input line 13.
LaTeX Font Info:    External font `lmex10' loaded for size
(Font)              <10> on input line 16.
LaTeX Font Info:    External font `lmex10' loaded for size
(Font)              <7> on input line 16.
LaTeX Font Info:    External font `lmex10' loaded for size
(Font)              <5> on input line 16.

Overfull \hbox (493.45494pt too wide) in paragraph at lines 16--41
[] 
 []


Overfull \hbox (485.67693pt too wide) in paragraph at lines 45--74
[] 
 []


Overfull \hbox (484.00986pt too wide) in paragraph at lines 78--91
[] 
 []

[1

{C:/Users/godef/AppData/Local/MiKTeX/fonts/map/pdftex/pdftex.map}{C:/Users/godef/AppData/Local/Programs/MiKTeX/fonts/enc/dvips/lm/lm-ec.enc}]
Overfull \hbox (493.48228pt too wide) in paragraph at lines 95--110
[] 
 []


Overfull \hbox (489.84343pt too wide) in paragraph at lines 114--125
[] 
 []


Overfull \hbox (482.06541pt too wide) in paragraph at lines 129--144
[] 
 []


Overfull \hbox (489.84343pt too wide) in paragraph at lines 148--161
[] 
 []


Overfull \hbox (489.84343pt too wide) in paragraph at lines 165--180
[] 
 []

[2]
Overfull \hbox (548.56471pt too wide) in paragraph at lines 184--199
[] 
 []


Overfull \hbox (489.84334pt too wide) in paragraph at lines 203--216
[] 
 []


Overfull \hbox (577.14786pt too wide) in paragraph at lines 220--229
[] 
 []


Overfull \hbox (484.70465pt too wide) in paragraph at lines 233--242
[] 
 []


Overfull \hbox (482.06541pt too wide) in paragraph at lines 246--257
[] 
 []

[3]
Overfull \hbox (543.23264pt too wide) in paragraph at lines 261--270
[] 
 []


Overfull \hbox (554.49542pt too wide) in paragraph at lines 274--285
[] 
 []


Overfull \hbox (426.51057pt too wide) in paragraph at lines 289--298
[] 
 []


Overfull \hbox (560.9261pt too wide) in paragraph at lines 302--325
[] 
 []


Overfull \hbox (492.87177pt too wide) in paragraph at lines 329--346
[] 
 []

[4]
Overfull \hbox (488.73244pt too wide) in paragraph at lines 350--365
[] 
 []


Overfull \hbox (565.5655pt too wide) in paragraph at lines 369--400
[] 
 []


Overfull \hbox (482.06541pt too wide) in paragraph at lines 404--415
[] 
 []


Overfull \hbox (484.70465pt too wide) in paragraph at lines 419--430
[] 
 []

[5]
Overfull \hbox (582.71736pt too wide) in paragraph at lines 434--471
[] 
 []


Overfull \hbox (577.64896pt too wide) in paragraph at lines 475--504
[] 
 []


Overfull \hbox (553.67549pt too wide) in paragraph at lines 508--523
[] 
 []

[6]
Overfull \hbox (484.70465pt too wide) in paragraph at lines 527--536
[] 
 []


Overfull \hbox (554.56522pt too wide) in paragraph at lines 540--557
[] 
 []


Overfull \hbox (489.84343pt too wide) in paragraph at lines 561--572
[] 
 []


Overfull \hbox (561.64844pt too wide) in paragraph at lines 576--591
[] 
 []


Overfull \hbox (7.54381pt too wide) in paragraph at lines 593--593
[]\T1/lmr/bx/n/14.4 Département: Saint-Pierre-et-Miquelon (975) 
 []


Overfull \hbox (625.2339pt too wide) in paragraph at lines 595--602
[] 
 []

[7]
Overfull \hbox (475.81541pt too wide) in paragraph at lines 606--615
[] 
 []


Overfull \hbox (498.03827pt too wide) in paragraph at lines 619--644
[] 
 []


Overfull \hbox (545.67598pt too wide) in paragraph at lines 648--661
[] 
 []


Overfull \hbox (487.31569pt too wide) in paragraph at lines 665--686
[] 
 []

[8]
Overfull \hbox (489.84343pt too wide) in paragraph at lines 690--707
[] 
 []


Overfull \hbox (451.89961pt too wide) in paragraph at lines 711--722
[] 
 []


Overfull \hbox (482.06541pt too wide) in paragraph at lines 726--747
[] 
 []


Overfull \hbox (475.81541pt too wide) in paragraph at lines 751--760
[] 
 []

[9]
Overfull \hbox (482.06541pt too wide) in paragraph at lines 764--787
[] 
 []


Overfull \hbox (491.78809pt too wide) in paragraph at lines 791--810
[] 
 []


Overfull \hbox (545.67598pt too wide) in paragraph at lines 814--825
[] 
 []


Overfull \hbox (554.49542pt too wide) in paragraph at lines 829--850
[] 
 []

[10]
Overfull \hbox (503.66304pt too wide) in paragraph at lines 854--879
[] 
 []


Overfull \hbox (482.06541pt too wide) in paragraph at lines 883--892
[] 
 []


Overfull \hbox (545.67598pt too wide) in paragraph at lines 896--915
[] 
 []


Overfull \hbox (512.30238pt too wide) in paragraph at lines 919--926
[] 
 []

[11]
Overfull \hbox (493.50954pt too wide) in paragraph at lines 930--939
[] 
 []


Overfull \hbox (511.3989pt too wide) in paragraph at lines 943--958
[] 
 []


Overfull \hbox (571.25874pt too wide) in paragraph at lines 962--971
[] 
 []


Overfull \hbox (483.39886pt too wide) in paragraph at lines 975--984
[] 
 []


Overfull \hbox (2.99641pt too wide) in paragraph at lines 986--986
[]\T1/lmr/bx/n/14.4 Département: Français étab-lis hors de France
 []


Overfull \hbox (572.14989pt too wide) in paragraph at lines 988--1015
[] 
 []

[12]
Overfull \hbox (545.67598pt too wide) in paragraph at lines 1019--1042
[] 
 []


Overfull \hbox (557.0655pt too wide) in paragraph at lines 1046--1079
[] 
 []

[13]
Overfull \hbox (484.70465pt too wide) in paragraph at lines 1083--1090
[] 
 []


Overfull \hbox (412.20485pt too wide) in paragraph at lines 1094--1103
[] 
 []


Overfull \hbox (567.7596pt too wide) in paragraph at lines 1107--1118
[] 
 []


Overfull \hbox (554.07848pt too wide) in paragraph at lines 1122--1139
[] 
 []

[14]
Overfull \hbox (502.48312pt too wide) in paragraph at lines 1143--1170
[] 
 []


Overfull \hbox (554.07886pt too wide) in paragraph at lines 1174--1183
[] 
 []


Overfull \hbox (489.84343pt too wide) in paragraph at lines 1187--1202
[] 
 []


Overfull \hbox (510.59436pt too wide) in paragraph at lines 1206--1223
[] 
 []

[15]
Overfull \hbox (565.95474pt too wide) in paragraph at lines 1227--1268
[] 
 []


Overfull \hbox (482.06541pt too wide) in paragraph at lines 1272--1281
[] 
 []


Overfull \hbox (484.70465pt too wide) in paragraph at lines 1285--1302
[] 
 []

[16]
Overfull \hbox (496.99583pt too wide) in paragraph at lines 1306--1319
[] 
 []


Overfull \hbox (487.17654pt too wide) in paragraph at lines 1323--1334
[] 
 []


Overfull \hbox (496.09418pt too wide) in paragraph at lines 1338--1385
[] 
 []

[17]
Overfull \hbox (589.88492pt too wide) in paragraph at lines 1389--1406
[] 
 []


Overfull \hbox (14.13475pt too wide) in paragraph at lines 1408--1408
[]\T1/lmr/bx/n/14.4 Département: Saint-Martin/Saint-Barthélemy
 []


Overfull \hbox (579.38556pt too wide) in paragraph at lines 1410--1417
[] 
 []


Overfull \hbox (482.06541pt too wide) in paragraph at lines 1421--1432
[] 
 []

[18]
Overfull \hbox (562.34323pt too wide) in paragraph at lines 1436--1447
[] 
 []


Overfull \hbox (484.70465pt too wide) in paragraph at lines 1451--1462
[] 
 []


Overfull \hbox (484.8434pt too wide) in paragraph at lines 1466--1479
[] 
 []


Overfull \hbox (562.34323pt too wide) in paragraph at lines 1483--1490
[] 
 []


Overfull \hbox (554.49542pt too wide) in paragraph at lines 1494--1509
[] 
 []


Overfull \hbox (489.84343pt too wide) in paragraph at lines 1513--1528
[] 
 []

[19]
Overfull \hbox (560.6764pt too wide) in paragraph at lines 1532--1547
[] 
 []


Overfull \hbox (557.0655pt too wide) in paragraph at lines 1551--1576
[] 
 []


Overfull \hbox (557.0655pt too wide) in paragraph at lines 1580--1609
[] 
 []

[20]
Overfull \hbox (482.06541pt too wide) in paragraph at lines 1613--1628
[] 
 []


Overfull \hbox (485.67725pt too wide) in paragraph at lines 1632--1641
[] 
 []


Overfull \hbox (559.50938pt too wide) in paragraph at lines 1645--1674
[] 
 []

[21]
Overfull \hbox (484.70465pt too wide) in paragraph at lines 1678--1691
[] 
 []


Overfull \hbox (497.73248pt too wide) in paragraph at lines 1695--1704
[] 
 []


Overfull \hbox (553.17642pt too wide) in paragraph at lines 1708--1727
[] 
 []


Overfull \hbox (489.14885pt too wide) in paragraph at lines 1731--1742
[] 
 []

[22]
Overfull \hbox (554.56522pt too wide) in paragraph at lines 1746--1763
[] 
 []


Overfull \hbox (545.67598pt too wide) in paragraph at lines 1767--1778
[] 
 []


Overfull \hbox (484.8434pt too wide) in paragraph at lines 1782--1791
[] 
 []


Overfull \hbox (453.28822pt too wide) in paragraph at lines 1795--1804
[] 
 []


Overfull \hbox (491.37114pt too wide) in paragraph at lines 1808--1817
[] 
 []


Overfull \hbox (513.59381pt too wide) in paragraph at lines 1821--1834
[] 
 []

[23]
Overfull \hbox (560.53806pt too wide) in paragraph at lines 1838--1865
[] 
 []


Overfull \hbox (553.454pt too wide) in paragraph at lines 1869--1880
[] 
 []


Overfull \hbox (489.84343pt too wide) in paragraph at lines 1884--1895
[] 
 []


Overfull \hbox (573.10722pt too wide) in paragraph at lines 1899--1924
[] 
 []

[24]
Overfull \hbox (492.48267pt too wide) in paragraph at lines 1928--1943
[] 
 []


Overfull \hbox (482.06541pt too wide) in paragraph at lines 1947--1958
[] 
 []


Overfull \hbox (551.85693pt too wide) in paragraph at lines 1962--1987
[] 
 []


Overfull \hbox (484.8434pt too wide) in paragraph at lines 1991--2002
[] 
 []

[25]
Overfull \hbox (482.89885pt too wide) in paragraph at lines 2006--2015
[] 
 []


Overfull \hbox (489.84343pt too wide) in paragraph at lines 2019--2032
[] 
 []


Overfull \hbox (482.06541pt too wide) in paragraph at lines 2036--2053
[] 
 []


Overfull \hbox (545.67598pt too wide) in paragraph at lines 2057--2072
[] 
 []


Overfull \hbox (489.84343pt too wide) in paragraph at lines 2076--2099
[] 
 []

[26]
Overfull \hbox (562.34323pt too wide) in paragraph at lines 2103--2116
[] 
 []


Overfull \hbox (482.06541pt too wide) in paragraph at lines 2120--2129
[] 
 []


AED: lastpage setting LastPage
[27] (rapport_election.aux)
 ***********
LaTeX2e <2023-11-01> patch level 1
L3 programming layer <2024-01-04>
 ***********
 ) 
Here is how much of TeX's memory you used:
 1091 strings out of 474486
 21760 string characters out of 5743754
 1965542 words of memory out of 5000000
 23394 multiletter control sequences out of 15000+600000
 595644 words of font info for 61 fonts, out of 8000000 for 9000
 1141 hyphenation exceptions out of 8191
 70i,6n,65p,249b,218s stack positions out of 10000i,1000n,20000p,200000b,200000s
<C:/Users/godef/AppData/Local/Programs/MiKTeX/fonts/type1/public/lm/lmbx12.pfb><C:/Users/godef/AppData/Local/Programs/MiKTeX/fonts/type1/public/lm/lmr10.pfb><C:/Users/godef/AppData/Local/Programs/MiKTeX/fonts/type1/public/lm/lmr12.pfb><C:/Users/godef/AppData/Local/Programs/MiKTeX/fonts/type1/public/lm/lmr17.pfb>
Output written on rapport_election.pdf (27 pages, 211529 bytes).
PDF statistics:
 110 PDF objects out of 1000 (max. 8388607)
 0 named destinations out of 1000 (max. 500000)
 1 words of extra memory for PDF output out of 10000 (max. 10000000)

